timestamp: 2021-04-28T21:24:55.837342
CREATE TABLE "py4web_session"(
    "id" INTEGER PRIMARY KEY AUTOINCREMENT,
    "rkey" CHAR(512),
    "rvalue" TEXT,
    "expiration" INTEGER,
    "created_on" TIMESTAMP,
    "expires_on" TIMESTAMP
);
success!
timestamp: 2021-04-28T21:24:55.850183
CREATE TABLE "auth_user"(
    "id" INTEGER PRIMARY KEY AUTOINCREMENT,
    "email" CHAR(512) UNIQUE,
    "password" CHAR(512),
    "first_name" CHAR(512),
    "last_name" CHAR(512),
    "sso_id" CHAR(512),
    "action_token" CHAR(512),
    "last_password_change" TIMESTAMP,
    "past_passwords_hash" TEXT
);
success!
timestamp: 2021-04-28T21:24:55.859497
CREATE TABLE "auth_user_tag_groups"(
    "id" INTEGER PRIMARY KEY AUTOINCREMENT,
    "path" CHAR(512),
    "record_id" INTEGER REFERENCES "auth_user" ("id") ON DELETE CASCADE  
);
success!
timestamp: 2021-04-28T21:24:55.995071
CREATE TABLE "bird"(
    "id" INTEGER PRIMARY KEY AUTOINCREMENT,
    "bird_count" INTEGER,
    "seen_by" CHAR(512)
);
success!
timestamp: 2021-05-05T17:42:00.750552
CREATE TABLE "birds"(
    "id" INTEGER PRIMARY KEY AUTOINCREMENT,
    "bird_count" INTEGER,
    "seen_by" CHAR(512)
);
success!
timestamp: 2021-05-05T17:43:44.839716
CREATE TABLE "account"(
    "id" INTEGER PRIMARY KEY AUTOINCREMENT,
    "user_email" CHAR(512),
    "admin" INTEGER
);
success!
timestamp: 2021-05-05T18:02:57.697161
ALTER TABLE "account" ADD "user_password" CHAR(512);
success!
timestamp: 2021-05-05T18:17:20.371001
ALTER TABLE "account" ADD "user_nickname" CHAR(512);
timestamp: 2021-05-05T18:17:20.372840
ALTER TABLE "account" ADD "user_profile_image" CHAR(512);
success!
timestamp: 2021-05-05T18:20:52.461267
ALTER TABLE "account" ADD "user_admin" INTEGER;
success!
success!
success!
success!
success!
success!
success!
success!
success!
success!
success!
success!
success!
success!
success!
success!
success!
success!
success!
success!
success!
success!
success!
success!
success!
success!
success!
success!
success!
success!
success!
success!
success!
success!
success!
success!
success!
success!
success!
success!
success!
success!
success!
success!
success!
success!
success!
success!
success!
success!
success!
success!
success!
success!
success!
success!
success!
success!
success!
success!
timestamp: 2021-05-05T19:55:43.271448
ALTER TABLE "account" ADD "user_id" INTEGER;
success!
success!
success!
success!
success!
success!
success!
success!
success!
success!
success!
success!
success!
success!
success!
success!
success!
success!
success!
success!
success!
success!
success!
success!
success!
success!
success!
success!
success!
success!
success!
success!
success!
success!
success!
success!
success!
timestamp: 2021-05-05T20:40:20.291306
ALTER TABLE "account" ADD "first_name" CHAR(512);
success!
success!
timestamp: 2021-05-05T20:41:19.416347
ALTER TABLE "account" ADD "user_first_name" CHAR(512);
success!
success!
success!
success!
success!
success!
success!
success!
success!
success!
success!
success!
success!
success!
success!
success!
success!
success!
success!
success!
success!
success!
success!
success!
success!
success!
success!
success!
success!
success!
success!
success!
success!
success!
success!
success!
success!
success!
success!
success!
success!
success!
success!
success!
success!
success!
success!
success!
success!
success!
success!
success!
success!
success!
success!
success!
success!
success!
success!
success!
success!
success!
success!
success!
success!
success!
success!
success!
success!
success!
success!
success!
success!
success!
success!
success!
success!
success!
success!
success!
success!
success!
success!
success!
success!
success!
success!
success!
success!
success!
success!
success!
success!
success!
success!
success!
success!
success!
success!
success!
success!
success!
success!
success!
success!
success!
success!
success!
success!
success!
success!
success!
success!
success!
success!
success!
success!
success!
success!
success!
timestamp: 2021-05-05T22:56:14.184614
ALTER TABLE "account" ADD "user_last_name" CHAR(512);
success!
timestamp: 2021-05-05T23:01:04.683299
ALTER TABLE "account" ADD "user_username" CHAR(512);
success!
success!
success!
success!
success!
success!
success!
success!
success!
success!
success!
success!
success!
success!
success!
success!
success!
success!
success!
success!
success!
success!
success!
success!
success!
success!
success!
success!
success!
success!
success!
success!
timestamp: 2021-05-06T14:15:09.022420
ALTER TABLE "account" ADD "image" CHAR(512);
success!
success!
success!
success!
success!
success!
success!
success!
success!
success!
success!
success!
success!
success!
success!
success!
success!
success!
success!
success!
success!
success!
success!
success!
success!
success!
success!
success!
success!
success!
success!
success!
timestamp: 2021-05-06T15:31:34.115267
ALTER TABLE "account" ADD "picture" CHAR(512);
timestamp: 2021-05-06T15:31:34.116821
ALTER TABLE "account" ADD "picture_file" BLOB;
success!
success!
success!
success!
success!
success!
success!
success!
success!
success!
success!
success!
success!
success!
success!
success!
success!
success!
success!
success!
success!
success!
success!
success!
success!
success!
success!
success!
success!
success!
success!
timestamp: 2021-05-09T15:51:11.676463
CREATE TABLE "video"(
    "id" INTEGER PRIMARY KEY AUTOINCREMENT,
    "video_name" CHAR(512),
    "video_url" CHAR(512)
);
success!
success!
success!
success!
success!
success!
success!
success!
success!
success!
timestamp: 2021-05-11T12:30:48.265985
ALTER TABLE "video" ADD "creation_time" CHAR(512);
success!
success!
success!
success!
success!
success!
success!
timestamp: 2021-05-11T12:54:48.212022
ALTER TABLE "video" ADD "front" INTEGER;
success!
success!
success!
success!
success!
success!
success!
success!
success!
success!
success!
success!
success!
success!
success!
success!
